<?xml version="1.0" encoding="UTF-8"?>
<testsuite xmlns:xsi="http://www.w3.org/2001/XMLSchema-instance" xsi:noNamespaceSchemaLocation="https://maven.apache.org/surefire/maven-surefire-plugin/xsd/surefire-test-report-3.0.xsd" version="3.0" name="ua.lviv.iot.AppTest" time="0.054" tests="1" errors="0" skipped="0" failures="0">
  <properties>
    <property name="java.specification.version" value="20"/>
    <property name="sun.jnu.encoding" value="UTF-8"/>
    <property name="java.class.path" value="/Users/pavlokiral/Documents/IntelliJJavaProjects/LabJava/src/ua/lviv/iot/algo/part1/lab2/work/target/test-classes:/Users/pavlokiral/Documents/IntelliJJavaProjects/LabJava/src/ua/lviv/iot/algo/part1/lab2/work/target/classes:/Users/pavlokiral/.m2/repository/junit/junit/3.8.1/junit-3.8.1.jar:/Users/pavlokiral/.m2/repository/org/projectlombok/lombok/1.18.24/lombok-1.18.24.jar:/Users/pavlokiral/.m2/repository/org/apache/maven/plugins/maven-compiler-plugin/3.11.0/maven-compiler-plugin-3.11.0.jar:/Users/pavlokiral/.m2/repository/org/apache/maven/shared/maven-shared-utils/3.3.4/maven-shared-utils-3.3.4.jar:/Users/pavlokiral/.m2/repository/commons-io/commons-io/2.6/commons-io-2.6.jar:/Users/pavlokiral/.m2/repository/org/apache/maven/shared/maven-shared-incremental/1.1/maven-shared-incremental-1.1.jar:/Users/pavlokiral/.m2/repository/org/codehaus/plexus/plexus-component-annotations/1.5.5/plexus-component-annotations-1.5.5.jar:/Users/pavlokiral/.m2/repository/org/codehaus/plexus/plexus-java/1.1.2/plexus-java-1.1.2.jar:/Users/pavlokiral/.m2/repository/org/ow2/asm/asm/9.4/asm-9.4.jar:/Users/pavlokiral/.m2/repository/com/thoughtworks/qdox/qdox/2.0.3/qdox-2.0.3.jar:/Users/pavlokiral/.m2/repository/org/codehaus/plexus/plexus-compiler-api/2.13.0/plexus-compiler-api-2.13.0.jar:/Users/pavlokiral/.m2/repository/org/codehaus/plexus/plexus-utils/3.4.2/plexus-utils-3.4.2.jar:/Users/pavlokiral/.m2/repository/org/codehaus/plexus/plexus-compiler-manager/2.13.0/plexus-compiler-manager-2.13.0.jar:/Users/pavlokiral/.m2/repository/org/codehaus/plexus/plexus-compiler-javac/2.13.0/plexus-compiler-javac-2.13.0.jar:"/>
    <property name="java.vm.vendor" value="Homebrew"/>
    <property name="sun.arch.data.model" value="64"/>
    <property name="java.vendor.url" value="https://github.com/Homebrew/homebrew-core/issues"/>
    <property name="os.name" value="Mac OS X"/>
    <property name="java.vm.specification.version" value="20"/>
    <property name="sun.java.launcher" value="SUN_STANDARD"/>
    <property name="user.country" value="UA"/>
    <property name="sun.boot.library.path" value="/usr/local/Cellar/openjdk/20/libexec/openjdk.jdk/Contents/Home/lib"/>
    <property name="sun.java.command" value="/Users/pavlokiral/Documents/IntelliJJavaProjects/LabJava/src/ua/lviv/iot/algo/part1/lab2/work/target/surefire/surefirebooter-20230411024007391_3.jar /Users/pavlokiral/Documents/IntelliJJavaProjects/LabJava/src/ua/lviv/iot/algo/part1/lab2/work/target/surefire 2023-04-11T02-40-06_948-jvmRun1 surefire-20230411024007391_1tmp surefire_0-20230411024007391_2tmp"/>
    <property name="http.nonProxyHosts" value="local|*.local|169.254/16|*.169.254/16"/>
    <property name="jdk.debug" value="release"/>
    <property name="surefire.test.class.path" value="/Users/pavlokiral/Documents/IntelliJJavaProjects/LabJava/src/ua/lviv/iot/algo/part1/lab2/work/target/test-classes:/Users/pavlokiral/Documents/IntelliJJavaProjects/LabJava/src/ua/lviv/iot/algo/part1/lab2/work/target/classes:/Users/pavlokiral/.m2/repository/junit/junit/3.8.1/junit-3.8.1.jar:/Users/pavlokiral/.m2/repository/org/projectlombok/lombok/1.18.24/lombok-1.18.24.jar:/Users/pavlokiral/.m2/repository/org/apache/maven/plugins/maven-compiler-plugin/3.11.0/maven-compiler-plugin-3.11.0.jar:/Users/pavlokiral/.m2/repository/org/apache/maven/shared/maven-shared-utils/3.3.4/maven-shared-utils-3.3.4.jar:/Users/pavlokiral/.m2/repository/commons-io/commons-io/2.6/commons-io-2.6.jar:/Users/pavlokiral/.m2/repository/org/apache/maven/shared/maven-shared-incremental/1.1/maven-shared-incremental-1.1.jar:/Users/pavlokiral/.m2/repository/org/codehaus/plexus/plexus-component-annotations/1.5.5/plexus-component-annotations-1.5.5.jar:/Users/pavlokiral/.m2/repository/org/codehaus/plexus/plexus-java/1.1.2/plexus-java-1.1.2.jar:/Users/pavlokiral/.m2/repository/org/ow2/asm/asm/9.4/asm-9.4.jar:/Users/pavlokiral/.m2/repository/com/thoughtworks/qdox/qdox/2.0.3/qdox-2.0.3.jar:/Users/pavlokiral/.m2/repository/org/codehaus/plexus/plexus-compiler-api/2.13.0/plexus-compiler-api-2.13.0.jar:/Users/pavlokiral/.m2/repository/org/codehaus/plexus/plexus-utils/3.4.2/plexus-utils-3.4.2.jar:/Users/pavlokiral/.m2/repository/org/codehaus/plexus/plexus-compiler-manager/2.13.0/plexus-compiler-manager-2.13.0.jar:/Users/pavlokiral/.m2/repository/org/codehaus/plexus/plexus-compiler-javac/2.13.0/plexus-compiler-javac-2.13.0.jar:"/>
    <property name="sun.cpu.endian" value="little"/>
    <property name="user.home" value="/Users/pavlokiral"/>
    <property name="user.language" value="en"/>
    <property name="java.specification.vendor" value="Oracle Corporation"/>
    <property name="java.version.date" value="2023-03-21"/>
    <property name="java.home" value="/usr/local/Cellar/openjdk/20/libexec/openjdk.jdk/Contents/Home"/>
    <property name="file.separator" value="/"/>
    <property name="basedir" value="/Users/pavlokiral/Documents/IntelliJJavaProjects/LabJava/src/ua/lviv/iot/algo/part1/lab2/work"/>
    <property name="java.vm.compressedOopsMode" value="Zero based"/>
    <property name="line.separator" value="&#10;"/>
    <property name="java.vm.specification.vendor" value="Oracle Corporation"/>
    <property name="java.specification.name" value="Java Platform API Specification"/>
    <property name="apple.awt.application.name" value="ForkedBooter"/>
    <property name="surefire.real.class.path" value="/Users/pavlokiral/Documents/IntelliJJavaProjects/LabJava/src/ua/lviv/iot/algo/part1/lab2/work/target/surefire/surefirebooter-20230411024007391_3.jar"/>
    <property name="sun.management.compiler" value="HotSpot 64-Bit Tiered Compilers"/>
    <property name="ftp.nonProxyHosts" value="local|*.local|169.254/16|*.169.254/16"/>
    <property name="java.runtime.version" value="20"/>
    <property name="user.name" value="pavlokiral"/>
    <property name="stdout.encoding" value="UTF-8"/>
    <property name="path.separator" value=":"/>
    <property name="os.version" value="13.2"/>
    <property name="java.runtime.name" value="OpenJDK Runtime Environment"/>
    <property name="file.encoding" value="UTF-8"/>
    <property name="java.vm.name" value="OpenJDK 64-Bit Server VM"/>
    <property name="java.vendor.version" value="Homebrew"/>
    <property name="localRepository" value="/Users/pavlokiral/.m2/repository"/>
    <property name="java.vendor.url.bug" value="https://github.com/Homebrew/homebrew-core/issues"/>
    <property name="java.io.tmpdir" value="/var/folders/v_/y294572528vc1qm6w01q0g3h0000gn/T/"/>
    <property name="java.version" value="20"/>
    <property name="user.dir" value="/Users/pavlokiral/Documents/IntelliJJavaProjects/LabJava/src/ua/lviv/iot/algo/part1/lab2/work"/>
    <property name="os.arch" value="x86_64"/>
    <property name="java.vm.specification.name" value="Java Virtual Machine Specification"/>
    <property name="native.encoding" value="UTF-8"/>
    <property name="java.library.path" value="/Users/pavlokiral/Library/Java/Extensions:/Library/Java/Extensions:/Network/Library/Java/Extensions:/System/Library/Java/Extensions:/usr/lib/java:."/>
    <property name="java.vm.info" value="mixed mode, sharing"/>
    <property name="stderr.encoding" value="UTF-8"/>
    <property name="java.vendor" value="Homebrew"/>
    <property name="java.vm.version" value="20"/>
    <property name="sun.io.unicode.encoding" value="UnicodeBig"/>
    <property name="socksNonProxyHosts" value="local|*.local|169.254/16|*.169.254/16"/>
    <property name="java.class.version" value="64.0"/>
  </properties>
  <testcase name="testApp" classname="ua.lviv.iot.AppTest" time="0.006"/>
</testsuite>